SF:lib/main.dart
DA:4,0
DA:5,0
DA:9,2
DA:11,1
DA:13,1
DA:14,1
DA:16,1
DA:20,1
DA:31,1
DA:33,1
DA:34,1
DA:72,1
DA:74,1
DA:75,2
DA:78,0
DA:80,0
DA:81,0
DA:82,0
DA:85,1
DA:87,1
DA:88,1
DA:89,1
DA:90,4
DA:91,1
DA:92,4
DA:94,1
DA:95,1
DA:100,4
DA:120,1
DA:121,1
DA:122,1
DA:124,1
DA:125,1
DA:126,1
DA:128,1
DA:132,1
DA:133,1
DA:134,1
DA:136,1
DA:138,1
DA:139,1
DA:141,1
DA:143,1
DA:145,1
DA:147,1
DA:149,1
DA:160,1
DA:161,1
DA:162,1
DA:163,1
DA:164,1
DA:165,1
DA:166,1
DA:167,1
DA:168,1
DA:170,1
DA:171,1
DA:173,4
DA:178,4
DA:179,1
DA:180,1
DA:184,0
DA:185,0
DA:186,0
DA:192,4
DA:193,1
DA:194,1
DA:198,0
DA:199,0
DA:200,0
DA:206,4
DA:207,1
DA:208,1
DA:212,0
DA:213,0
DA:214,0
DA:220,1
DA:221,1
DA:222,1
DA:223,1
DA:225,1
DA:226,0
DA:227,0
DA:228,0
DA:236,1
DA:237,1
DA:238,1
DA:239,1
DA:241,1
DA:242,0
DA:243,0
DA:244,0
DA:256,1
DA:258,1
DA:260,3
DA:261,1
DA:262,3
DA:263,2
DA:265,1
DA:266,0
DA:267,0
DA:268,0
DA:271,1
DA:275,1
DA:276,1
DA:278,1
DA:279,1
DA:281,1
DA:282,3
DA:292,1
DA:293,1
DA:294,2
DA:319,1
DA:321,1
DA:331,3
DA:332,0
DA:333,0
DA:334,0
DA:337,1
DA:340,1
DA:343,2
DA:344,1
DA:349,1
DA:356,1
DA:357,1
DA:358,1
DA:359,1
DA:360,1
DA:361,1
DA:362,1
DA:363,1
DA:364,1
DA:366,1
DA:367,1
DA:369,4
DA:372,1
DA:375,1
DA:376,1
DA:377,0
DA:380,1
DA:381,0
DA:387,1
DA:388,0
DA:402,1
DA:403,1
DA:405,1
DA:406,1
DA:408,5
DA:413,1
DA:414,1
DA:415,1
DA:416,1
DA:419,1
DA:420,1
DA:421,1
DA:422,1
DA:423,1
DA:424,1
DA:439,1
DA:440,1
DA:443,1
DA:444,1
DA:445,1
DA:446,1
DA:447,1
DA:468,1
DA:469,1
DA:471,1
DA:472,1
DA:474,5
DA:479,1
DA:481,1
DA:483,1
DA:484,1
DA:486,4
DA:489,1
DA:491,4
DA:494,1
DA:496,1
DA:497,1
DA:498,0
DA:510,1
DA:511,1
DA:513,1
DA:514,1
DA:516,5
DA:521,1
DA:522,1
DA:530,1
DA:532,1
DA:533,1
DA:534,1
DA:535,1
DA:536,1
DA:537,1
DA:545,1
DA:546,1
DA:548,1
DA:550,1
DA:551,1
DA:553,1
DA:562,1
DA:563,1
DA:571,1
DA:572,1
DA:574,1
DA:575,1
DA:577,5
DA:582,1
DA:583,1
DA:587,1
DA:588,1
DA:598,0
DA:599,0
DA:600,0
DA:604,0
DA:605,0
DA:606,0
DA:607,0
DA:609,0
DA:611,0
DA:612,0
DA:614,0
DA:621,0
DA:623,0
DA:624,0
DA:625,0
DA:628,0
DA:629,0
DA:630,0
DA:631,0
DA:646,0
DA:647,0
DA:648,0
DA:654,0
DA:655,0
DA:656,0
DA:659,0
DA:660,0
DA:661,0
DA:662,0
DA:670,0
DA:671,0
DA:672,0
DA:675,0
DA:676,0
DA:677,0
LF:247
LH:181
end_of_record
