SF:lib/src/materials/glass_morphism_material.dart
DA:13,3
DA:65,3
DA:66,3
DA:74,3
DA:76,3
DA:77,6
DA:78,6
DA:81,6
DA:84,6
DA:85,3
DA:88,6
DA:91,3
DA:93,6
DA:94,3
DA:97,3
DA:99,3
DA:100,3
DA:102,3
DA:103,3
DA:104,3
DA:105,3
DA:106,8
DA:107,3
DA:108,3
DA:110,3
DA:113,3
DA:116,9
DA:119,6
DA:128,3
DA:129,3
DA:130,3
DA:131,3
DA:132,6
DA:133,6
DA:135,3
DA:143,3
DA:144,3
DA:145,3
DA:146,3
DA:148,3
DA:151,3
DA:152,12
DA:153,9
DA:154,12
DA:159,6
DA:160,3
DA:161,3
DA:162,3
DA:169,6
DA:170,3
DA:171,3
DA:172,9
DA:173,9
DA:175,3
DA:176,12
DA:179,1
DA:180,4
DA:187,3
DA:188,3
DA:189,3
DA:190,3
DA:191,8
DA:192,3
DA:193,12
DA:197,3
DA:198,3
DA:199,12
DA:209,3
DA:210,6
DA:211,4
DA:214,6
DA:215,6
DA:216,3
DA:217,0
DA:218,3
DA:221,0
LF:76
LH:74
end_of_record
SF:lib/src/widgets/glass_morphism_button.dart
DA:12,2
DA:40,2
DA:41,2
DA:53,2
DA:55,2
DA:56,4
DA:60,4
DA:65,4
DA:68,4
DA:69,2
DA:73,4
DA:76,4
DA:77,2
DA:82,2
DA:84,4
DA:85,4
DA:86,2
DA:89,2
DA:90,4
DA:91,4
DA:95,2
DA:96,4
DA:99,1
DA:100,2
DA:103,1
DA:104,3
DA:105,2
DA:108,0
DA:109,0
DA:110,0
DA:113,2
DA:115,2
DA:117,6
DA:119,2
DA:120,8
DA:121,2
DA:122,2
DA:123,4
DA:124,2
DA:125,2
DA:126,2
DA:127,2
DA:128,2
DA:129,2
DA:130,2
DA:131,4
DA:132,4
DA:133,2
DA:134,2
DA:135,2
DA:136,2
DA:140,2
DA:141,2
DA:142,2
DA:143,2
DA:144,2
DA:146,2
DA:147,2
DA:148,6
DA:149,4
DA:161,2
DA:162,4
DA:164,5
DA:165,0
DA:167,0
DA:168,0
DA:169,0
DA:170,0
DA:171,0
DA:176,2
DA:184,3
DA:232,2
DA:233,2
DA:234,4
DA:235,4
DA:236,4
DA:237,4
DA:238,4
DA:243,0
DA:256,0
DA:257,0
DA:258,0
DA:259,0
DA:260,0
DA:261,0
DA:262,0
DA:263,0
DA:264,0
DA:265,0
DA:266,0
DA:267,0
LF:91
LH:69
end_of_record
SF:lib/src/widgets/glass_morphism_container.dart
DA:11,1
DA:87,1
DA:89,1
DA:91,1
DA:92,1
DA:93,1
DA:94,1
DA:95,1
DA:96,2
DA:97,1
DA:98,2
DA:99,1
DA:100,1
DA:101,1
DA:102,1
DA:103,1
DA:104,1
DA:105,1
DA:106,1
DA:107,1
DA:111,1
DA:112,0
DA:113,0
LF:23
LH:21
end_of_record
SF:lib/src/widgets/glass_morphism_app_bar.dart
DA:11,1
DA:59,1
DA:60,2
DA:62,1
DA:63,1
DA:69,1
DA:71,1
DA:72,2
DA:75,1
DA:77,2
DA:78,1
DA:81,0
DA:82,0
DA:83,0
DA:84,0
DA:89,1
DA:91,1
DA:92,1
DA:94,4
DA:95,2
DA:96,0
DA:97,2
DA:99,1
DA:100,3
DA:101,1
DA:102,2
DA:105,2
DA:107,1
DA:108,1
DA:111,1
DA:112,1
DA:113,2
DA:114,0
DA:117,3
DA:118,1
DA:119,1
DA:120,4
DA:121,2
DA:124,0
DA:125,0
DA:129,2
DA:133,3
DA:135,3
LF:43
LH:35
end_of_record
SF:lib/src/widgets/glass_morphism_tab_bar.dart
DA:11,1
DA:51,1
DA:53,1
DA:55,1
DA:56,1
DA:57,1
DA:59,1
DA:60,1
DA:61,1
DA:63,1
DA:64,1
DA:66,1
DA:67,1
DA:68,1
DA:69,1
DA:70,2
DA:71,1
DA:73,1
DA:74,1
DA:77,1
LF:20
LH:20
end_of_record
SF:lib/src/widgets/glass_morphism_card.dart
DA:11,1
DA:79,1
DA:81,1
DA:82,1
DA:84,2
DA:85,2
DA:86,2
DA:87,2
DA:89,1
DA:90,1
DA:91,1
DA:92,1
DA:93,1
DA:96,2
DA:97,1
DA:98,1
DA:99,1
DA:101,1
DA:105,2
DA:106,1
DA:108,1
DA:113,1
DA:119,1
DA:120,2
DA:122,1
DA:123,1
DA:124,1
DA:125,2
DA:126,3
DA:128,1
DA:129,1
DA:130,1
DA:131,3
LF:33
LH:33
end_of_record
SF:lib/src/widgets/glass_morphism_bottom_sheet.dart
DA:11,1
DA:52,0
DA:67,0
DA:80,0
DA:91,1
DA:92,1
DA:101,1
DA:103,1
DA:104,2
DA:109,2
DA:112,2
DA:113,1
DA:117,2
DA:120,2
DA:121,1
DA:125,2
DA:128,1
DA:130,2
DA:131,1
DA:134,1
DA:136,1
DA:137,1
DA:139,1
DA:140,1
DA:141,1
DA:142,1
DA:143,7
DA:144,1
DA:145,2
DA:146,1
DA:147,2
DA:148,1
DA:149,2
DA:150,2
DA:152,2
DA:157,1
DA:159,1
DA:160,3
DA:162,1
DA:165,1
DA:166,1
DA:167,1
DA:172,3
LF:43
LH:40
end_of_record
SF:lib/src/widgets/glass_morphism_dialog.dart
DA:11,1
DA:61,0
DA:72,0
DA:79,0
DA:87,1
DA:88,1
DA:97,1
DA:99,1
DA:100,2
DA:105,2
DA:108,2
DA:109,1
DA:113,2
DA:116,2
DA:117,1
DA:121,2
DA:124,1
DA:126,2
DA:127,1
DA:130,1
DA:132,1
DA:134,1
DA:135,1
DA:136,1
DA:137,1
DA:138,2
DA:139,1
DA:140,2
DA:141,1
DA:144,2
DA:145,1
DA:146,2
DA:147,2
DA:149,2
DA:150,1
DA:151,1
DA:157,1
DA:160,1
DA:161,3
DA:162,1
DA:163,4
DA:172,2
DA:176,3
DA:177,1
DA:178,4
DA:185,2
DA:189,2
DA:190,0
DA:192,0
DA:193,0
DA:197,0
DA:215,0
DA:222,0
DA:224,0
DA:225,0
DA:227,0
DA:228,0
DA:229,0
LF:58
LH:44
end_of_record
SF:lib/src/theme/glass_morphism_theme.dart
DA:10,3
DA:22,3
DA:23,3
DA:24,3
DA:29,0
DA:30,0
DA:31,0
DA:34,0
DA:36,0
DA:46,3
DA:58,3
DA:60,5
DA:62,3
DA:64,3
DA:69,2
DA:70,4
DA:71,4
DA:73,2
DA:74,2
DA:77,4
DA:78,4
LF:21
LH:16
end_of_record
SF:lib/src/theme/glass_morphism_theme_data.dart
DA:10,14
DA:62,1
DA:76,1
DA:77,1
DA:78,1
DA:79,1
DA:80,1
DA:81,1
DA:82,1
DA:83,1
DA:85,1
DA:86,1
DA:87,1
DA:88,1
DA:89,1
DA:93,1
DA:96,1
DA:97,3
DA:98,3
DA:99,3
DA:100,3
DA:101,3
DA:102,3
DA:103,3
DA:104,3
DA:105,3
DA:106,3
DA:107,3
DA:108,3
DA:111,1
DA:113,1
DA:114,1
DA:115,1
DA:116,1
DA:117,1
DA:118,1
DA:119,1
DA:120,1
DA:121,1
DA:122,1
DA:123,1
DA:124,1
DA:125,1
DA:133,12
DA:147,1
DA:154,1
DA:155,1
DA:156,1
DA:157,1
DA:158,1
DA:159,1
DA:163,1
DA:166,1
DA:167,3
DA:168,3
DA:169,3
DA:170,3
DA:171,3
DA:174,1
DA:176,6
DA:183,11
DA:197,1
DA:204,1
DA:205,1
DA:206,1
DA:207,1
DA:208,1
DA:209,1
DA:213,1
DA:216,1
DA:217,3
DA:218,3
DA:219,3
DA:220,3
DA:221,3
DA:224,1
DA:226,6
DA:233,11
DA:245,1
DA:251,1
DA:252,1
DA:253,1
DA:254,1
DA:255,1
DA:259,1
DA:262,1
DA:263,3
DA:264,3
DA:265,3
DA:266,3
DA:269,1
DA:271,5
LF:92
LH:92
end_of_record
SF:lib/src/effects/glass_effects.dart
DA:10,0
DA:13,1
DA:20,1
DA:21,1
DA:22,1
DA:23,1
DA:27,1
DA:28,1
DA:29,1
DA:30,1
DA:39,1
DA:45,1
DA:46,1
DA:47,1
DA:48,1
DA:50,1
DA:51,1
DA:52,1
DA:53,1
DA:54,1
DA:57,1
DA:58,1
DA:60,2
DA:73,1
DA:78,1
DA:79,1
DA:80,1
DA:81,1
DA:85,1
DA:86,1
DA:87,1
DA:88,1
DA:91,1
DA:92,1
DA:93,1
DA:94,1
DA:105,1
DA:112,4
DA:118,4
DA:119,1
DA:120,1
DA:121,1
DA:122,1
DA:123,1
DA:124,1
DA:126,1
DA:127,1
DA:128,2
DA:129,1
DA:141,0
DA:151,0
DA:153,0
DA:154,0
DA:155,0
DA:157,0
DA:158,0
DA:159,0
DA:160,0
DA:164,0
DA:165,0
DA:166,0
DA:167,0
DA:178,1
DA:185,1
DA:191,1
DA:192,1
DA:193,1
DA:194,1
DA:198,1
DA:199,1
DA:201,1
DA:210,1
DA:219,1
DA:220,0
DA:222,1
DA:224,1
DA:225,1
DA:229,1
DA:230,1
DA:231,1
DA:233,1
DA:245,1
DA:253,1
DA:254,1
DA:255,1
DA:256,1
DA:260,1
DA:261,1
DA:267,1
DA:269,1
DA:270,1
DA:274,1
DA:275,1
DA:276,1
LF:94
LH:79
end_of_record
SF:lib/src/effects/glass_morphism_lens_effect.dart
DA:7,2
DA:24,1
DA:26,1
DA:34,1
DA:36,1
DA:37,2
DA:41,2
DA:44,2
DA:45,1
DA:49,2
DA:50,2
DA:54,1
DA:56,2
DA:57,1
DA:60,1
DA:62,1
DA:63,1
DA:64,1
DA:65,1
DA:66,1
DA:67,2
DA:68,2
DA:69,2
DA:70,2
DA:71,2
DA:73,2
DA:88,1
DA:96,1
DA:98,5
DA:99,3
DA:102,1
DA:103,1
DA:104,1
DA:107,1
DA:110,1
DA:111,2
DA:114,1
DA:115,3
DA:116,3
DA:119,1
DA:122,1
DA:125,1
DA:127,1
DA:128,4
DA:129,1
DA:130,1
DA:132,1
DA:135,1
DA:136,4
DA:137,1
DA:138,1
DA:140,2
DA:143,1
DA:145,1
DA:146,3
DA:147,3
DA:150,1
DA:151,2
DA:153,1
DA:154,1
DA:155,3
DA:156,3
DA:159,1
DA:162,2
DA:165,1
DA:167,3
DA:168,3
DA:169,3
DA:170,3
DA:171,3
DA:177,2
DA:190,1
DA:192,1
DA:193,1
DA:194,1
DA:195,1
DA:196,1
DA:197,1
DA:198,1
DA:199,1
DA:200,1
DA:201,1
DA:203,1
DA:206,1
DA:207,3
DA:208,3
DA:213,1
DA:214,1
DA:215,3
DA:219,1
DA:220,3
DA:236,2
DA:251,1
DA:253,1
DA:254,1
DA:255,1
DA:256,3
DA:257,1
DA:258,7
DA:259,3
DA:260,3
DA:262,1
DA:264,5
DA:265,1
LF:104
LH:104
end_of_record
SF:lib/src/animations/glass_morphism_animations.dart
DA:8,0
DA:29,1
DA:35,1
DA:38,2
DA:45,1
DA:51,1
DA:54,2
DA:61,1
DA:67,1
DA:70,2
DA:77,1
DA:83,1
DA:86,2
DA:93,1
DA:99,1
DA:102,2
DA:109,1
DA:115,1
DA:118,2
DA:128,2
DA:160,1
DA:161,1
DA:171,1
DA:173,1
DA:174,2
DA:175,2
DA:179,2
DA:180,1
DA:181,2
DA:184,2
DA:185,1
DA:188,2
DA:191,2
DA:192,2
DA:194,2
DA:195,1
DA:196,2
DA:199,2
DA:202,1
DA:204,2
DA:205,1
DA:208,1
DA:210,1
DA:211,1
DA:212,1
DA:213,2
DA:215,2
DA:216,1
DA:217,1
DA:222,2
DA:223,1
DA:224,1
DA:229,2
DA:230,1
DA:231,1
LF:55
LH:54
end_of_record
SF:lib/src/utils/color_utils.dart
DA:6,0
DA:9,1
DA:10,1
DA:13,1
DA:14,1
DA:18,1
DA:22,2
DA:31,1
DA:35,2
DA:36,2
DA:38,2
DA:42,2
DA:46,1
DA:47,1
DA:50,1
DA:51,3
DA:52,1
DA:53,2
DA:54,1
DA:58,1
DA:62,1
DA:64,1
DA:67,1
DA:70,2
DA:77,1
DA:79,1
DA:80,1
DA:82,3
DA:83,3
DA:84,3
DA:85,3
DA:87,1
DA:92,1
DA:96,1
DA:97,2
DA:101,1
DA:102,2
DA:106,1
DA:107,1
DA:108,1
DA:109,3
DA:110,1
DA:114,1
DA:115,1
DA:119,1
DA:120,1
DA:121,3
DA:123,2
LF:48
LH:47
end_of_record
SF:lib/src/utils/blur_utils.dart
DA:6,0
DA:9,1
DA:15,1
DA:16,1
DA:26,1
DA:31,4
DA:36,4
DA:37,1
DA:38,1
DA:39,1
DA:40,1
DA:42,1
DA:43,2
DA:53,1
DA:62,1
DA:66,1
DA:70,1
DA:72,1
DA:76,1
DA:82,1
DA:84,1
DA:85,4
DA:86,1
DA:87,1
DA:98,1
DA:108,1
DA:111,1
DA:114,1
DA:119,1
DA:120,1
DA:129,1
DA:136,1
DA:138,1
DA:139,1
DA:148,1
DA:153,1
DA:154,1
DA:156,1
DA:157,1
DA:158,1
DA:159,1
DA:163,1
DA:173,1
DA:180,1
DA:182,1
DA:184,1
DA:186,1
DA:188,1
DA:190,1
DA:192,1
DA:219,1
DA:221,1
DA:225,5
DA:228,0
LF:54
LH:52
end_of_record
